2025-09-10 22:34:42,283 - INFO - Creating model: LRRA
2025-09-10 22:34:42,586 - INFO - Loading dataset from: dataset/radioMap/USC/
2025-09-10 22:35:29,814 - INFO - Creating model: LRRA
2025-09-10 22:35:30,051 - INFO - Loading dataset from: D:\Jimmy\pythonProjects\CL4PL_linux\dataset\radioMap\Boston\
2025-09-10 22:35:56,654 - INFO - Creating model: LRRA
2025-09-10 22:35:56,886 - INFO - Loading dataset from: D:/Jimmy/pythonProjects/CL4PL_linux/dataset/radioMap/Boston/
2025-09-10 22:36:23,826 - INFO - Creating model: LRRA
2025-09-10 22:36:24,060 - INFO - Loading dataset from: D:/Jimmy/pythonProjects/CL4PL_linux/dataset/radioMap/Boston/
2025-09-10 22:36:24,288 - INFO - Starting training...
2025-09-10 22:37:57,705 - INFO - Creating model: LRRA
2025-09-10 22:37:57,944 - INFO - Loading dataset from: D:/Jimmy/pythonProjects/CL4PL_linux/dataset/radioMap/Boston/
2025-09-10 22:37:58,145 - INFO - Starting training...
2025-09-10 22:39:33,440 - INFO - Creating model: LRRA
2025-09-10 22:39:33,675 - INFO - Loading dataset from: D:/Jimmy/pythonProjects/CL4PL_linux/dataset/radioMap/Boston/
2025-09-10 22:39:33,870 - INFO - Starting training...
2025-09-10 22:40:10,492 - INFO - Creating model: LRRA
2025-09-10 22:40:10,727 - INFO - Loading dataset from: D:/Jimmy/pythonProjects/CL4PL_linux/dataset/radioMap/Boston/
2025-09-10 22:40:10,916 - INFO - Starting training...
2025-09-10 22:49:32,895 - INFO - Creating model: LRRA
2025-09-10 22:49:33,128 - INFO - Loading dataset from: D:/Jimmy/pythonProjects/CL4PL_linux/dataset/radioMap/Boston/
2025-09-10 22:49:33,335 - INFO - Starting training...
2025-09-10 22:50:56,571 - INFO - Creating model: LRRA
2025-09-10 22:50:56,817 - INFO - Loading dataset from: D:/Jimmy/pythonProjects/CL4PL_linux/dataset/radioMap/Boston/
2025-09-10 22:50:57,022 - INFO - Starting training...
2025-09-10 22:51:25,277 - INFO - Creating model: LRRA
2025-09-10 22:51:25,517 - INFO - Loading dataset from: D:/Jimmy/pythonProjects/CL4PL_linux/dataset/radioMap/Boston/
2025-09-10 22:51:25,707 - INFO - Starting training...
2025-09-10 22:51:42,946 - INFO - Creating model: LRRA
2025-09-10 22:51:43,189 - INFO - Loading dataset from: D:/Jimmy/pythonProjects/CL4PL_linux/dataset/radioMap/Boston/
2025-09-10 22:51:43,379 - INFO - Starting training...
2025-09-10 22:51:58,911 - INFO - Creating model: LRRA
2025-09-10 22:51:59,151 - INFO - Loading dataset from: D:/Jimmy/pythonProjects/CL4PL_linux/dataset/radioMap/Boston/
2025-09-10 22:51:59,343 - INFO - Starting training...
2025-09-10 22:53:30,493 - INFO - Creating model: LRRA
2025-09-10 22:53:30,730 - INFO - Loading dataset from: D:/Jimmy/pythonProjects/CL4PL_linux/dataset/radioMap/Boston/
2025-09-10 22:53:30,920 - INFO - Starting training...
2025-09-10 22:53:50,533 - INFO - Creating model: LRRA
2025-09-10 22:53:50,763 - INFO - Loading dataset from: D:/Jimmy/pythonProjects/CL4PL_linux/dataset/radioMap/Boston/
2025-09-10 22:53:50,960 - INFO - Starting training...
2025-09-10 22:54:27,776 - INFO - Creating model: LRRA
2025-09-10 22:54:28,007 - INFO - Loading dataset from: D:/Jimmy/pythonProjects/CL4PL_linux/dataset/radioMap/Boston/
2025-09-10 22:54:28,198 - INFO - Starting training...
2025-09-10 22:56:04,673 - INFO - Creating model: LRRA
2025-09-10 22:56:04,907 - INFO - Loading dataset from: D:/Jimmy/pythonProjects/CL4PL_linux/dataset/radioMap/Boston/
2025-09-10 22:56:05,092 - INFO - Starting training...
2025-09-10 22:56:24,498 - INFO - Creating model: LRRA
2025-09-10 22:56:24,737 - INFO - Loading dataset from: D:/Jimmy/pythonProjects/CL4PL_linux/dataset/radioMap/Boston/
2025-09-10 22:56:24,939 - INFO - Starting training...
2025-09-10 22:57:10,552 - INFO - Creating model: LRRA
2025-09-10 22:57:10,789 - INFO - Loading dataset from: D:/Jimmy/pythonProjects/CL4PL_linux/dataset/radioMap/Boston/
2025-09-10 22:57:10,982 - INFO - Starting training...
